INFO:security:Encryption key loaded successfully.
INFO:security:Token loaded and decrypted successfully.
INFO:__main__:Executed on: 2024-10-02 11:49:40.307392
INFO:__main__:Dates initialized.
INFO:utili:Days Date: 10/02/24
INFO:utili:Smart Cover Token Creation Date: 09/30/24
INFO:utili:Smart Cover Token Expirs In: 363 days
INFO:__main__:Sarnia Data collected successfully.
INFO:security:Token encrypted and written to 'HS.key'.
INFO:__main__:Tags generated successfully.
INFO:security:Token loaded and decrypted successfully.
ERROR:__main__:The folder path does not exist: [WinError 3] The system cannot find the path specified: 'res_sarnia/tags'
INFO:__main__:Total Tags in Queue: 87
INFO:__main__:Total tags Pushed: 0
INFO:__main__:Execution time: 21.13 seconds.

INFO:security:Encryption key loaded successfully.
INFO:security:Token loaded and decrypted successfully.
INFO:__main__:Executed on: 2024-10-02 11:55:30.477545
INFO:__main__:Dates initialized.
INFO:utili:Days Date: 10/02/24
INFO:utili:Smart Cover Token Creation Date: 09/30/24
INFO:utili:Smart Cover Token Expirs In: 363 days
INFO:__main__:Sarnia Data collected successfully.
INFO:security:Token encrypted and written to 'HS.key'.
INFO:__main__:Tags generated successfully.
INFO:security:Token loaded and decrypted successfully.
ERROR:__main__:The folder path does not exist: [WinError 3] The system cannot find the path specified: 'res_sarnia/tags'
INFO:__main__:Total Tags in Queue: 87
INFO:__main__:Total tags Pushed: 0
INFO:__main__:Execution time: 13.00 seconds.

INFO:security:Encryption key loaded successfully.
INFO:security:Token loaded and decrypted successfully.
INFO:__main__:Executed on: 2024-10-02 11:58:02.355276
INFO:__main__:Dates initialized.
INFO:utili:Days Date: 10/02/24
INFO:utili:Smart Cover Token Creation Date: 09/30/24
INFO:utili:Smart Cover Token Expirs In: 363 days
INFO:__main__:Sarnia Data collected successfully.
INFO:security:Token encrypted and written to 'HS.key'.
INFO:__main__:Tags generated successfully.
INFO:security:Token loaded and decrypted successfully.
INFO:security:Encryption key loaded successfully.
INFO:security:Token loaded and decrypted successfully.
INFO:__main__:Executed on: 2024-10-02 11:58:40.576477
INFO:__main__:Dates initialized.
INFO:utili:Days Date: 10/02/24
INFO:utili:Smart Cover Token Creation Date: 09/30/24
INFO:utili:Smart Cover Token Expirs In: 363 days
INFO:__main__:Sarnia Data collected successfully.
INFO:security:Token encrypted and written to 'HS.key'.
INFO:__main__:Tags generated successfully.
INFO:security:Token loaded and decrypted successfully.
ERROR:__main__:Unexpected error in Queue stage: OSError(22, 'The filename, directory name, or volume label syntax is incorrect')
INFO:security:Encryption key loaded successfully.
INFO:security:Token loaded and decrypted successfully.
INFO:__main__:Executed on: 2024-10-02 12:15:41.292199
INFO:__main__:Dates initialized.
INFO:utili:Days Date: 10/02/24
INFO:utili:Smart Cover Token Creation Date: 09/30/24
INFO:utili:Smart Cover Token Expirs In: 363 days
INFO:__main__:Sarnia Data collected successfully.
INFO:security:Token encrypted and written to 'HS.key'.
INFO:__main__:Tags generated successfully.
INFO:security:Token loaded and decrypted successfully.
INFO:security:Encryption key loaded successfully.
INFO:security:Token loaded and decrypted successfully.
INFO:__main__:Executed on: 2024-10-02 12:18:16.890152
INFO:__main__:Dates initialized.
INFO:utili:Days Date: 10/02/24
INFO:utili:Smart Cover Token Creation Date: 09/30/24
INFO:utili:Smart Cover Token Expirs In: 363 days
INFO:__main__:Sarnia Data collected successfully.
INFO:security:Token encrypted and written to 'HS.key'.
INFO:__main__:Tags generated successfully.
INFO:security:Token loaded and decrypted successfully.
INFO:security:Encryption key loaded successfully.
INFO:security:Token loaded and decrypted successfully.
INFO:__main__:Executed on: 2024-10-02 12:19:24.318033
INFO:__main__:Dates initialized.
INFO:utili:Days Date: 10/02/24
INFO:utili:Smart Cover Token Creation Date: 09/30/24
INFO:utili:Smart Cover Token Expirs In: 363 days
INFO:__main__:Sarnia Data collected successfully.
INFO:security:Token encrypted and written to 'HS.key'.
INFO:__main__:Tags generated successfully.
INFO:security:Token loaded and decrypted successfully.
ERROR:__main__:The folder path does not exist: [WinError 3] The system cannot find the path specified: 'Historian-Sarnia/res_sarnia/tags'
INFO:__main__:Total Tags in Queue: 87
INFO:__main__:Total tags Pushed: 0
INFO:__main__:Execution time: 18.58 seconds.

INFO:security:Encryption key loaded successfully.
INFO:security:Token loaded and decrypted successfully.
INFO:__main__:Executed on: 2024-10-02 12:19:51.944696
INFO:__main__:Dates initialized.
INFO:utili:Days Date: 10/02/24
INFO:utili:Smart Cover Token Creation Date: 09/30/24
INFO:utili:Smart Cover Token Expirs In: 363 days
INFO:__main__:Sarnia Data collected successfully.
INFO:security:Token encrypted and written to 'HS.key'.
INFO:__main__:Tags generated successfully.
INFO:security:Token loaded and decrypted successfully.
INFO:security:Encryption key loaded successfully.
INFO:security:Token loaded and decrypted successfully.
INFO:__main__:Executed on: 2024-10-02 14:03:56.780911
INFO:__main__:Dates initialized.
INFO:utili:Days Date: 10/02/24
INFO:utili:Smart Cover Token Creation Date: 09/30/24
INFO:utili:Smart Cover Token Expirs In: 363 days
INFO:__main__:Sarnia Data collected successfully.
INFO:security:Token encrypted and written to 'HS.key'.
INFO:__main__:Tags generated successfully.
INFO:security:Token loaded and decrypted successfully.
ERROR:__main__:Unexpected error in Queue stage: TypeError("join() argument must be str, bytes, or os.PathLike object, not 'list'")
INFO:__main__:Execution time: 3.37 seconds.

INFO:security:Encryption key loaded successfully.
INFO:security:Token loaded and decrypted successfully.
INFO:__main__:Executed on: 2024-10-02 14:04:34.682091
INFO:__main__:Dates initialized.
INFO:utili:Days Date: 10/02/24
INFO:utili:Smart Cover Token Creation Date: 09/30/24
INFO:utili:Smart Cover Token Expirs In: 363 days
INFO:__main__:Sarnia Data collected successfully.
INFO:security:Token encrypted and written to 'HS.key'.
INFO:__main__:Tags generated successfully.
INFO:security:Token loaded and decrypted successfully.
INFO:security:Encryption key loaded successfully.
INFO:security:Token loaded and decrypted successfully.
INFO:__main__:Executed on: 2024-10-02 14:06:03.246185
INFO:__main__:Dates initialized.
INFO:utili:Days Date: 10/02/24
INFO:utili:Smart Cover Token Creation Date: 09/30/24
INFO:utili:Smart Cover Token Expirs In: 363 days
INFO:__main__:Sarnia Data collected successfully.
INFO:security:Token encrypted and written to 'HS.key'.
INFO:__main__:Tags generated successfully.
INFO:security:Token loaded and decrypted successfully.
ERROR:__main__:Unexpected error in Queue stage: AttributeError("module 'var' has no attribute 'file_name'")
INFO:__main__:Execution time: 3.35 seconds.

INFO:security:Encryption key loaded successfully.
INFO:security:Token loaded and decrypted successfully.
INFO:__main__:Executed on: 2024-10-02 14:06:23.408348
INFO:__main__:Dates initialized.
INFO:utili:Days Date: 10/02/24
INFO:utili:Smart Cover Token Creation Date: 09/30/24
INFO:utili:Smart Cover Token Expirs In: 363 days
INFO:__main__:Sarnia Data collected successfully.
INFO:security:Token encrypted and written to 'HS.key'.
INFO:__main__:Tags generated successfully.
INFO:security:Token loaded and decrypted successfully.
INFO:__main__:Total Tags in Queue: 87
INFO:__main__:Total tags Pushed: 0
INFO:__main__:Execution time: 33.31 seconds.

INFO:security:Encryption key loaded successfully.
INFO:security:Token loaded and decrypted successfully.
INFO:__main__:Executed on: 2024-10-02 14:07:30.618220
INFO:__main__:Dates initialized.
INFO:utili:Days Date: 10/02/24
INFO:utili:Smart Cover Token Creation Date: 09/30/24
INFO:utili:Smart Cover Token Expirs In: 363 days
INFO:__main__:Sarnia Data collected successfully.
INFO:security:Token encrypted and written to 'HS.key'.
INFO:__main__:Tags generated successfully.
INFO:security:Token loaded and decrypted successfully.
INFO:__main__:Total Tags in Queue: 87
INFO:__main__:Total tags Pushed: 0
INFO:__main__:Execution time: 12.15 seconds.

INFO:security:Encryption key loaded successfully.
INFO:security:Token loaded and decrypted successfully.
INFO:__main__:Executed on: 2024-10-02 15:01:12.874608
INFO:__main__:Dates initialized.
INFO:utili:Days Date: 10/02/24
INFO:utili:Smart Cover Token Creation Date: 09/30/24
INFO:utili:Smart Cover Token Expirs In: 363 days
INFO:__main__:Sarnia Data collected successfully.
INFO:security:Token encrypted and written to 'HS.key'.
INFO:__main__:Tags generated successfully.
INFO:security:Token loaded and decrypted successfully.
INFO:security:Encryption key loaded successfully.
INFO:security:Token loaded and decrypted successfully.
INFO:__main__:Executed on: 2024-10-02 15:03:14.784625
INFO:__main__:Dates initialized.
INFO:utili:Days Date: 10/02/24
INFO:utili:Smart Cover Token Creation Date: 09/30/24
INFO:utili:Smart Cover Token Expirs In: 363 days
INFO:__main__:Sarnia Data collected successfully.
INFO:security:Token encrypted and written to 'HS.key'.
INFO:__main__:Tags generated successfully.
INFO:security:Token loaded and decrypted successfully.
INFO:__main__:Total Tags in Queue: 87
INFO:security:Encryption key loaded successfully.
INFO:security:Token loaded and decrypted successfully.
INFO:__main__:Executed on: 2024-10-02 15:04:41.816629
INFO:__main__:Dates initialized.
INFO:utili:Days Date: 10/02/24
INFO:utili:Smart Cover Token Creation Date: 09/30/24
INFO:utili:Smart Cover Token Expirs In: 363 days
INFO:__main__:Sarnia Data collected successfully.
INFO:security:Token encrypted and written to 'HS.key'.
INFO:__main__:Tags generated successfully.
INFO:security:Token loaded and decrypted successfully.
INFO:__main__:Total Tags in Queue: 87
INFO:__main__:Total tags Pushed: 0
INFO:__main__:Total Tags in Queue: 87
INFO:__main__:Total tags Pushed: 0
INFO:__main__:Total Tags in Queue: 87
INFO:__main__:Total tags Pushed: 0
INFO:__main__:Total Tags in Queue: 87
ERROR:__main__:Unexpected error in Queue stage: ConnectionError(ProtocolError('Connection aborted.', ConnectionAbortedError(10053, 'An established connection was aborted by the software in your host machine', None, 10053, None)))
INFO:__main__:Execution time: 36.07 seconds.

INFO:security:Encryption key loaded successfully.
INFO:security:Token loaded and decrypted successfully.
INFO:__main__:Executed on: 2024-10-02 15:06:14.242940
INFO:__main__:Dates initialized.
INFO:utili:Days Date: 10/02/24
INFO:utili:Smart Cover Token Creation Date: 09/30/24
INFO:utili:Smart Cover Token Expirs In: 363 days
INFO:__main__:Sarnia Data collected successfully.
INFO:security:Token encrypted and written to 'HS.key'.
INFO:__main__:Tags generated successfully.
INFO:security:Token loaded and decrypted successfully.
INFO:__main__:Total Tags in Queue: 87
INFO:__main__:Total tags Pushed: 0
INFO:__main__:Total Tags in Queue: 87
INFO:__main__:Total tags Pushed: 0
INFO:__main__:Total Tags in Queue: 87
ERROR:__main__:Unexpected error in Queue stage: ConnectionError(ProtocolError('Connection aborted.', ConnectionAbortedError(10053, 'An established connection was aborted by the software in your host machine', None, 10053, None)))
INFO:__main__:Execution time: 25.36 seconds.

INFO:security:Encryption key loaded successfully.
INFO:security:Token loaded and decrypted successfully.
INFO:__main__:Executed on: 2024-10-02 15:07:41.634972
INFO:__main__:Dates initialized.
INFO:utili:Days Date: 10/02/24
INFO:utili:Smart Cover Token Creation Date: 09/30/24
INFO:utili:Smart Cover Token Expirs In: 363 days
INFO:__main__:Sarnia Data collected successfully.
INFO:security:Token encrypted and written to 'HS.key'.
INFO:__main__:Tags generated successfully.
INFO:security:Token loaded and decrypted successfully.
INFO:__main__:Total Tags in Queue: 87
INFO:__main__:Total tags Pushed: 87
INFO:__main__:Total Tags in Queue: 87
INFO:__main__:Total tags Pushed: 174
INFO:__main__:Total Tags in Queue: 87
ERROR:__main__:Unexpected error in Queue stage: ConnectionError(ProtocolError('Connection aborted.', RemoteDisconnected('Remote end closed connection without response')))
INFO:__main__:Execution time: 37.62 seconds.

INFO:security:Encryption key loaded successfully.
INFO:security:Token loaded and decrypted successfully.
INFO:__main__:Executed on: 2024-10-02 15:09:05.458793
INFO:__main__:Dates initialized.
INFO:utili:Days Date: 10/02/24
INFO:utili:Smart Cover Token Creation Date: 09/30/24
INFO:utili:Smart Cover Token Expirs In: 363 days
INFO:__main__:Sarnia Data collected successfully.
INFO:security:Token encrypted and written to 'HS.key'.
INFO:__main__:Tags generated successfully.
INFO:security:Token loaded and decrypted successfully.
INFO:__main__:Total Tags in Queue: 87
INFO:__main__:Total tags Pushed: 87
INFO:__main__:Total Tags in Queue: 87
INFO:__main__:Total tags Pushed: 174
INFO:__main__:Total Tags in Queue: 87
INFO:__main__:Total tags Pushed: 261
INFO:__main__:Total Tags in Queue: 87
INFO:__main__:Total tags Pushed: 348
INFO:__main__:Execution time: 61.21 seconds.INFO:__main__:Executed on: 2024-10-02 16:41:24.135457
INFO:security:Encryption key loaded successfully.
INFO:security:Smart Cover Token decrypted successfully.
INFO:__main__:Dates initialized.
INFO:utili:Smart Cover Token Creation Date: 09/30/24
INFO:utili:Smart Cover Token Expirs In: 363 days
INFO:__main__:Sarnia Data collected successfully.
INFO:security:Historian token encrypted.
INFO:__main__:Tags generated successfully.
INFO:security:Historian token loaded successfully.
ERROR:__main__:Unexpected error in Queue stage: TypeError('list.count() takes exactly one argument (0 given)')
INFO:__main__:Execution time: 3.55 seconds.

INFO:__main__:Executed on: 2024-10-02 16:41:51.635040
INFO:security:Encryption key loaded successfully.
INFO:security:Smart Cover Token decrypted successfully.
INFO:__main__:Dates initialized.
INFO:utili:Smart Cover Token Creation Date: 09/30/24
INFO:utili:Smart Cover Token Expirs In: 363 days
INFO:__main__:Sarnia Data collected successfully.
INFO:security:Historian token encrypted.
INFO:__main__:Tags generated successfully.
INFO:security:Historian token loaded successfully.
ERROR:__main__:Unexpected error in Queue stage: TypeError('list.count() takes exactly one argument (0 given)')
INFO:__main__:Execution time: 2.94 seconds.

INFO:__main__:Executed on: 2024-10-02 16:50:40.097440
INFO:security:Encryption key loaded successfully.
INFO:security:Smart Cover Token decrypted successfully.
INFO:__main__:Dates initialized.
INFO:utili:Smart Cover Token Creation Date: 09/30/24
INFO:utili:Smart Cover Token Expirs In: 363 days
INFO:__main__:Sarnia Data collected successfully.
INFO:security:Historian token encrypted.
INFO:__main__:Tags generated successfully.
INFO:security:Historian token loaded successfully.
INFO:__main__:Total Tags in Queue: 87
INFO:__main__:Total tags Pushed: 87
INFO:__main__:Total Tags in Queue: 87
ERROR:__main__:Unexpected error in Queue stage: ConnectionError(ProtocolError('Connection aborted.', ConnectionResetError(10054, 'An existing connection was forcibly closed by the remote host', None, 10054, None)))
INFO:__main__:Execution time: 19.73 seconds.

INFO:__main__:Executed on: 2024-10-02 16:51:16.158520
INFO:security:Encryption key loaded successfully.
INFO:security:Smart Cover Token decrypted successfully.
INFO:__main__:Dates initialized.
INFO:utili:Smart Cover Token Creation Date: 09/30/24
INFO:utili:Smart Cover Token Expirs In: 363 days
INFO:__main__:Sarnia Data collected successfully.
INFO:security:Historian token encrypted.
INFO:__main__:Tags generated successfully.
INFO:security:Historian token loaded successfully.
INFO:__main__:Total Tags in Queue: 87
INFO:__main__:Total tags Pushed: 87
INFO:__main__:Total Tags in Queue: 87
INFO:__main__:Total tags Pushed: 174
INFO:__main__:Execution time: 32.29 seconds.

